<?xml version="1.0" encoding="UTF-8"?>
<testng-results ignored="0" total="1" passed="1" failed="0" skipped="0">
  <reporter-output>
  </reporter-output>
  <suite started-at="2024-10-05T17:04:43Z" name="Default suite" finished-at="2024-10-05T17:04:54Z" duration-ms="10615">
    <groups>
    </groups>
    <test started-at="2024-10-05T17:04:43Z" name="Default test" finished-at="2024-10-05T17:04:54Z" duration-ms="10615">
      <class name="Selenium_TestNG.Selenium_Test">
        <test-method signature="f()[pri:0, instance:Selenium_TestNG.Selenium_Test@15043a2f]" started-at="2024-10-05T12:04:43Z" name="f" finished-at="2024-10-05T12:04:54Z" duration-ms="10575" status="PASS">
          <reporter-output>
          </reporter-output>
        </test-method> <!-- f -->
      </class> <!-- Selenium_TestNG.Selenium_Test -->
    </test> <!-- Default test -->
  </suite> <!-- Default suite -->
</testng-results>
